#
# A fatal error has been detected by the Java Runtime Environment:
#
#  EXCEPTION_ACCESS_VIOLATION (0xc0000005) at pc=0x54055c40, pid=18228, tid=18036
#
# JRE version: Java(TM) SE Runtime Environment (7.0_51-b13) (build 1.7.0_51-b13)
# Java VM: Java HotSpot(TM) Client VM (24.51-b03 mixed mode windows-x86 )
# Problematic frame:
# V  [jvm.dll+0x35c40]
#
# Failed to write core dump. Minidumps are not enabled by default on client versions of Windows
#
# If you would like to submit a bug report, please visit:
#   http://bugreport.sun.com/bugreport/crash.jsp
#

---------------  T H R E A D  ---------------

Current thread (0x184d3800):  JavaThread "JDWP Transport Listener: dt_socket" daemon [_thread_in_vm, id=18036, stack(0x18de0000,0x18e30000)]

siginfo: ExceptionCode=0xc0000005, reading address 0x00000008

Registers:
EAX=0x04343198, EBX=0x184d3800, ECX=0x00000000, EDX=0x00000000
ESP=0x18e2f414, EBP=0x18e2f418, ESI=0x00000000, EDI=0x66dee15c
EIP=0x54055c40, EFLAGS=0x00010246

Top of Stack: (sp=0x18e2f414)
0x18e2f414:   184d3930 18e2f440 540e1206 04343198
0x18e2f424:   66dee15c 184d3930 66dee174 184d3800
0x18e2f434:   00000000 184d3930 18e2f504 66dee99c
0x18e2f444:   66dd63b2 184d3930 04343198 00000000
0x18e2f454:   18e2f478 18e2f504 185266b0 18e2f4b4
0x18e2f464:   021672b8 18e2f484 66ddbd27 18e2f484
0x18e2f474:   18e2f4b8 66dee890 6eef5004 66df2c68
0x18e2f484:   18526898 0000000b 184c0000 00000013 

Instructions: (pc=0x54055c40)
0x54055c20:   8b 0d 18 1a 35 54 85 c9 7e 05 8b 0c 01 eb 02 33
0x54055c30:   c9 8b 15 1c 1a 35 54 85 d2 7e 05 8b 04 02 eb 03
0x54055c40:   8b 46 08 85 c0 75 0f 33 c9 50 51 e8 30 69 15 00
0x54055c50:   83 c4 08 5e 5d c3 8d 4c 4e 0c 50 51 e8 1f 69 15 


Register to memory mapping:

EAX=0x04343198 is pointing into object: 0x04205ae0

[error occurred during error reporting (printing register info), id 0xc0000005]

Stack: [0x18de0000,0x18e30000],  sp=0x18e2f414,  free space=317k
Native frames: (J=compiled Java code, j=interpreted, Vv=VM code, C=native code)
V  [jvm.dll+0x35c40]
V  [jvm.dll+0xc1206]


---------------  P R O C E S S  ---------------

Java Threads: ( => current thread )
  0x184f5000 JavaThread "Service Thread" daemon [_thread_blocked, id=17792, stack(0x18f90000,0x18fe0000)]
  0x184ed800 JavaThread "C1 CompilerThread0" daemon [_thread_blocked, id=16864, stack(0x18ee0000,0x18f30000)]
  0x184df800 JavaThread "JDWP Command Reader" daemon [_thread_in_native, id=18052, stack(0x18e50000,0x18ea0000)]
  0x184de000 JavaThread "JDWP Event Helper Thread" daemon [_thread_blocked, id=18168, stack(0x18c30000,0x18c80000)]
=>0x184d3800 JavaThread "JDWP Transport Listener: dt_socket" daemon [_thread_in_vm, id=18036, stack(0x18de0000,0x18e30000)]
  0x184ce000 JavaThread "Attach Listener" daemon [_thread_blocked, id=17200, stack(0x18970000,0x189c0000)]
  0x184cb000 JavaThread "Signal Dispatcher" daemon [_thread_blocked, id=10436, stack(0x186e0000,0x18730000)]
  0x0216b400 JavaThread "Finalizer" daemon [_thread_blocked, id=17296, stack(0x18780000,0x187d0000)]
  0x02163400 JavaThread "Reference Handler" daemon [_thread_blocked, id=18396, stack(0x18670000,0x186c0000)]
  0x0207c800 JavaThread "main" [_thread_blocked, id=18156, stack(0x01ea0000,0x01ef0000)]

Other Threads:
  0x02161000 VMThread [stack: 0x183b0000,0x18400000] [id=18368]
  0x18508800 WatcherThread [stack: 0x19010000,0x19060000] [id=17540]

VM state:not at safepoint (normal execution)

VM Mutex/Monitor currently owned by a thread: None

Heap
 def new generation   total 4928K, used 1891K [0x041f0000, 0x04740000, 0x09740000)
  eden space 4416K,  31% used [0x041f0000, 0x04348c48, 0x04640000)
  from space 512K, 100% used [0x046c0000, 0x04740000, 0x04740000)
  to   space 512K,   0% used [0x04640000, 0x04640000, 0x046c0000)
 tenured generation   total 10944K, used 2879K [0x09740000, 0x0a1f0000, 0x141f0000)
   the space 10944K,  26% used [0x09740000, 0x09a0fff0, 0x09a10000, 0x0a1f0000)
 compacting perm gen  total 12288K, used 1700K [0x141f0000, 0x14df0000, 0x181f0000)
   the space 12288K,  13% used [0x141f0000, 0x14399258, 0x14399400, 0x14df0000)
No shared spaces configured.

Card table byte_map: [0x181f0000,0x182a0000] byte_map_base: 0x181cf080

Polling page: 0x00140000

Code Cache  [0x021f0000, 0x022a0000, 0x041f0000)
 total_blobs=205 nmethods=82 adapters=68 free_code_cache=32090Kb largest_free_block=32860480

Compilation events (10 events):
Event: 0.615 Thread 0x184ed800   78             dna.spa.Edge::getV2 (5 bytes)
Event: 0.615 Thread 0x184ed800 nmethod 78 0x02298808 code [0x02298900, 0x02298980]
Event: 0.616 Thread 0x184ed800   79             java.lang.String::getChars (16 bytes)
Event: 0.616 Thread 0x184ed800 nmethod 79 0x022989c8 code [0x02298ad0, 0x02298bcc]
Event: 0.616 Thread 0x184ed800   80             java.lang.AbstractStringBuilder::insert (85 bytes)
Event: 0.616 Thread 0x184ed800 nmethod 80 0x02298c88 code [0x02298de0, 0x022990bc]
Event: 0.616 Thread 0x184ed800   81             java.lang.StringBuilder::length (5 bytes)
Event: 0.616 Thread 0x184ed800 nmethod 81 0x02299348 code [0x02299440, 0x022994c0]
Event: 0.616 Thread 0x184ed800   82             java.lang.AbstractStringBuilder::length (5 bytes)
Event: 0.616 Thread 0x184ed800 nmethod 82 0x02299508 code [0x02299600, 0x02299680]

GC Heap History (2 events):
Event: 0.590 GC heap before
{Heap before GC invocations=0 (full 0):
 def new generation   total 4928K, used 4416K [0x041f0000, 0x04740000, 0x09740000)
  eden space 4416K, 100% used [0x041f0000, 0x04640000, 0x04640000)
  from space 512K,   0% used [0x04640000, 0x04640000, 0x046c0000)
  to   space 512K,   0% used [0x046c0000, 0x046c0000, 0x04740000)
 tenured generation   total 10944K, used 0K [0x09740000, 0x0a1f0000, 0x141f0000)
   the space 10944K,   0% used [0x09740000, 0x09740000, 0x09740200, 0x0a1f0000)
 compacting perm gen  total 12288K, used 1663K [0x141f0000, 0x14df0000, 0x181f0000)
   the space 12288K,  13% used [0x141f0000, 0x1438fd58, 0x1438fe00, 0x14df0000)
No shared spaces configured.
Event: 0.599 GC heap after
Heap after GC invocations=1 (full 0):
 def new generation   total 4928K, used 512K [0x041f0000, 0x04740000, 0x09740000)
  eden space 4416K,   0% used [0x041f0000, 0x041f0000, 0x04640000)
  from space 512K, 100% used [0x046c0000, 0x04740000, 0x04740000)
  to   space 512K,   0% used [0x04640000, 0x04640000, 0x046c0000)
 tenured generation   total 10944K, used 2879K [0x09740000, 0x0a1f0000, 0x141f0000)
   the space 10944K,  26% used [0x09740000, 0x09a0fff0, 0x09a10000, 0x0a1f0000)
 compacting perm gen  total 12288K, used 1663K [0x141f0000, 0x14df0000, 0x181f0000)
   the space 12288K,  13% used [0x141f0000, 0x1438fd58, 0x1438fe00, 0x14df0000)
No shared spaces configured.
}

Deoptimization events (0 events):
No events

Internal exceptions (8 events):
Event: 0.022 Thread 0x0207c800 Threw 0x041ffc50 at C:\re\jdk7u51\527\hotspot\src\share\vm\prims\jni.cpp:3991
Event: 0.566 Thread 0x0207c800 Threw 0x0428c9e8 at C:\re\jdk7u51\527\hotspot\src\share\vm\prims\jvm.cpp:1244
Event: 0.570 Thread 0x0207c800 Threw 0x04296370 at C:\re\jdk7u51\527\hotspot\src\share\vm\prims\jvm.cpp:1244
Event: 0.571 Thread 0x0207c800 Threw 0x042bbe60 at C:\re\jdk7u51\527\hotspot\src\share\vm\prims\jvm.cpp:1244
Event: 0.572 Thread 0x0207c800 Threw 0x042bf7c0 at C:\re\jdk7u51\527\hotspot\src\share\vm\prims\jvm.cpp:1244
Event: 0.573 Thread 0x0207c800 Threw 0x042c1488 at C:\re\jdk7u51\527\hotspot\src\share\vm\prims\jvm.cpp:1244
Event: 0.612 Thread 0x0207c800 Threw 0x042c9078 at C:\re\jdk7u51\527\hotspot\src\share\vm\prims\jvm.cpp:1244
Event: 0.616 Thread 0x0207c800 StackOverflowError at 0x0228a060

Events (10 events):
Event: 0.611 loading class 0x020fd458
Event: 0.611 loading class 0x020fd458 done
Event: 0.611 loading class 0x184fdf98
Event: 0.611 loading class 0x184fdf98 done
Event: 0.612 loading class 0x18510008
Event: 0.612 loading class 0x18510008 done
Event: 0.612 loading class 0x02102b10
Event: 0.612 loading class 0x02102b10 done
Event: 2.013 Executing VM operation: GetOrSetLocal
Event: 2.013 Executing VM operation: GetOrSetLocal done


Dynamic libraries:
0x00100000 - 0x0012f000 	C:\Program Files (x86)\Java\jdk1.7.0_51\jre\bin\javaw.exe
0x77b00000 - 0x77c80000 	C:\Windows\SysWOW64\ntdll.dll
0x770e0000 - 0x771f0000 	C:\Windows\syswow64\kernel32.dll
0x75fc0000 - 0x76007000 	C:\Windows\syswow64\KERNELBASE.dll
0x75720000 - 0x757c1000 	C:\Windows\syswow64\ADVAPI32.dll
0x772d0000 - 0x7737c000 	C:\Windows\syswow64\msvcrt.dll
0x77390000 - 0x773a9000 	C:\Windows\SysWOW64\sechost.dll
0x75630000 - 0x75720000 	C:\Windows\syswow64\RPCRT4.dll
0x754f0000 - 0x75550000 	C:\Windows\syswow64\SspiCli.dll
0x754e0000 - 0x754ec000 	C:\Windows\syswow64\CRYPTBASE.dll
0x75ba0000 - 0x75ca0000 	C:\Windows\syswow64\USER32.dll
0x762b0000 - 0x76340000 	C:\Windows\syswow64\GDI32.dll
0x76200000 - 0x7620a000 	C:\Windows\syswow64\LPK.dll
0x76210000 - 0x762ad000 	C:\Windows\syswow64\USP10.dll
0x729e0000 - 0x72b7e000 	C:\Windows\WinSxS\x86_microsoft.windows.common-controls_6595b64144ccf1df_6.0.7601.18837_none_41e855142bd5705d\COMCTL32.dll
0x75cc0000 - 0x75d17000 	C:\Windows\syswow64\SHLWAPI.dll
0x75980000 - 0x759e0000 	C:\Windows\system32\IMM32.DLL
0x77500000 - 0x775cd000 	C:\Windows\syswow64\MSCTF.dll
0x543a0000 - 0x5445f000 	C:\Program Files (x86)\Java\jdk1.7.0_51\jre\bin\msvcr100.dll
0x54020000 - 0x543a0000 	C:\Program Files (x86)\Java\jdk1.7.0_51\jre\bin\client\jvm.dll
0x72c20000 - 0x72c27000 	C:\Windows\system32\WSOCK32.dll
0x76030000 - 0x76065000 	C:\Windows\syswow64\WS2_32.dll
0x774e0000 - 0x774e6000 	C:\Windows\syswow64\NSI.dll
0x71da0000 - 0x71dd2000 	C:\Windows\system32\WINMM.dll
0x76010000 - 0x76015000 	C:\Windows\syswow64\PSAPI.DLL
0x73e00000 - 0x73e0c000 	C:\Program Files (x86)\Java\jdk1.7.0_51\jre\bin\verify.dll
0x643f0000 - 0x64410000 	C:\Program Files (x86)\Java\jdk1.7.0_51\jre\bin\java.dll
0x66dd0000 - 0x66dfa000 	C:\Program Files (x86)\Java\jdk1.7.0_51\jre\bin\jdwp.dll
0x708a0000 - 0x708a7000 	C:\Program Files (x86)\Java\jdk1.7.0_51\jre\bin\npt.dll
0x642a0000 - 0x642b3000 	C:\Program Files (x86)\Java\jdk1.7.0_51\jre\bin\zip.dll
0x6eef0000 - 0x6eef8000 	C:\Program Files (x86)\Java\jdk1.7.0_51\jre\bin\dt_socket.dll
0x74c30000 - 0x74c40000 	C:\Windows\system32\NLAapi.dll
0x6ee90000 - 0x6eea0000 	C:\Windows\system32\napinsp.dll
0x6a860000 - 0x6a872000 	C:\Windows\system32\pnrpnsp.dll
0x71ed0000 - 0x71f0c000 	C:\Windows\System32\mswsock.dll
0x71990000 - 0x719d4000 	C:\Windows\system32\DNSAPI.dll
0x6ed30000 - 0x6ed38000 	C:\Windows\System32\winrnr.dll
0x71d80000 - 0x71d9c000 	C:\Windows\system32\IPHLPAPI.DLL
0x71d70000 - 0x71d77000 	C:\Windows\system32\WINNSI.DLL
0x705a0000 - 0x705d8000 	C:\Windows\System32\fwpuclnt.dll
0x71980000 - 0x71986000 	C:\Windows\system32\rasadhlp.dll
0x71d60000 - 0x71d65000 	C:\Windows\System32\wshtcpip.dll
0x73ef0000 - 0x73fdb000 	C:\Windows\system32\dbghelp.dll

VM Arguments:
jvm_args: -agentlib:jdwp=transport=dt_socket,suspend=y,address=localhost:1202 -Dfile.encoding=UTF-8 
java_command: dna.spa.App
Launcher Type: SUN_STANDARD

Environment Variables:
CLASSPATH=.;C:\Program Files (x86)\Java\jre6\lib\ext\QTJava.zip;E:\opencv\build\x86\vc12\bin
PATH=C:\Program Files (x86)\Java\jdk1.7.0_51\jre\bin;C:/Program Files (x86)/Java/jre1.8.0_73/bin/client;C:/Program Files (x86)/Java/jre1.8.0_73/bin;C:/Program Files (x86)/Java/jre1.8.0_73/lib/i386;C:\ProgramData\Oracle\Java\javapath;E:\app\camdmaster\product\12.1.0\client_2;E:\app\camdmaster\product\12.1.0\client_1;C:\Windows\system32;C:\Windows;C:\Windows\System32\Wbem;C:\Windows\System32\WindowsPowerShell\v1.0\;C:\MinGW\bin;E:\Program Files (x86)\QuickTime\QTSystem\;E\opencv\build\x86\vc12\bin;C:\Program Files (x86)\NVIDIA Corporation\PhysX\Common;C:\Program Files (x86)\GtkSharp\2.12\bin;E:\Program Files (x86)\OpenBabel-2.3.1;E:\eclipse\eclipse32_juno;
USERNAME=camdmaster
OS=Windows_NT
PROCESSOR_IDENTIFIER=Intel64 Family 6 Model 42 Stepping 7, GenuineIntel



---------------  S Y S T E M  ---------------

OS: Windows 7 , 64 bit Build 7601 Service Pack 1

CPU:total 8 (4 cores per cpu, 2 threads per core) family 6 model 42 stepping 7, cmov, cx8, fxsr, mmx, sse, sse2, sse3, ssse3, sse4.1, sse4.2, popcnt, avx, aes, ht, tsc, tscinvbit

Memory: 4k page, physical 16759984k(9863384k free), swap 33518108k(24277216k free)

vm_info: Java HotSpot(TM) Client VM (24.51-b03) for windows-x86 JRE (1.7.0_51-b13), built on Dec 18 2013 19:09:58 by "java_re" with unknown MS VC++:1600

time: Fri Dec 16 14:27:08 2016
elapsed time: 2 seconds

